     0.0000  0.65360E-05
     3.6364  0.67628E-05
     7.2727  0.74438E-05
    10.9091  0.85798E-05
    14.5455  0.10172E-04
    18.1818  0.12221E-04
    21.8182  0.14725E-04
    25.4545  0.17678E-04
    29.0909  0.21073E-04
    32.7273  0.24893E-04
    36.3636  0.29115E-04
    40.0000  0.33711E-04
    43.6364  0.38641E-04
    47.2727  0.43856E-04
    50.9091  0.49302E-04
    54.5455  0.54913E-04
    58.1818  0.60619E-04
    61.8182  0.66343E-04
    65.4545  0.72005E-04
    69.0909  0.77524E-04
    72.7273  0.82819E-04
    76.3636  0.87812E-04
    80.0000  0.92430E-04
    83.6364  0.96609E-04
    87.2727  0.10029E-03
    90.9091  0.10343E-03
    94.5455  0.10599E-03
    98.1818  0.10796E-03
   101.8182  0.10931E-03
   105.4545  0.11006E-03
   109.0909  0.11021E-03
   112.7273  0.10980E-03
   116.3636  0.10885E-03
   120.0000  0.10741E-03
   123.6364  0.10553E-03
   127.2727  0.10326E-03
   130.9091  0.10064E-03
   134.5455  0.97754E-04
   138.1818  0.94640E-04
   141.8182  0.91357E-04
   145.4545  0.87956E-04
   149.0909  0.84484E-04
   152.7273  0.80983E-04
   156.3636  0.77489E-04
   160.0000  0.74035E-04
   163.6364  0.70644E-04
   167.2727  0.67339E-04
   170.9091  0.64134E-04
   174.5455  0.61038E-04
   178.1818  0.58060E-04
   181.8182  0.55202E-04
   185.4545  0.52464E-04
   189.0909  0.49844E-04
   192.7273  0.47338E-04
   196.3636  0.44943E-04
   200.0000  0.42653E-04
   203.6364  0.40463E-04
   207.2727  0.38367E-04
   210.9091  0.36362E-04
   214.5455  0.34444E-04
   218.1818  0.32608E-04
   221.8182  0.30853E-04
   225.4545  0.29176E-04
   229.0909  0.27576E-04
   232.7273  0.26052E-04
   236.3636  0.24603E-04
   240.0000  0.23228E-04
   243.6364  0.21927E-04
   247.2727  0.20699E-04
   250.9091  0.19542E-04
   254.5455  0.18456E-04
   258.1818  0.17439E-04
   261.8182  0.16488E-04
   265.4545  0.15601E-04
   269.0909  0.14774E-04
   272.7273  0.14005E-04
   276.3636  0.13291E-04
   280.0000  0.12626E-04
   283.6364  0.12007E-04
   287.2727  0.11430E-04
   290.9091  0.10892E-04
   294.5455  0.10387E-04
   298.1818  0.99134E-05
   301.8182  0.94667E-05
   305.4545  0.90442E-05
   309.0909  0.86430E-05
   312.7273  0.82608E-05
   316.3636  0.78956E-05
   320.0000  0.75457E-05
   323.6364  0.72099E-05
   327.2727  0.68871E-05
   330.9091  0.65768E-05
   334.5455  0.62785E-05
   338.1818  0.59919E-05
   341.8182  0.57169E-05
   345.4545  0.54535E-05
   349.0909  0.52017E-05
   352.7273  0.49617E-05
   356.3636  0.47335E-05
   360.0000  0.45171E-05
   363.6364  0.43123E-05
   367.2727  0.41191E-05
   370.9091  0.39373E-05
   374.5455  0.37663E-05
   378.1818  0.36059E-05
   381.8182  0.34554E-05
   385.4545  0.33144E-05
   389.0909  0.31821E-05
   392.7273  0.30578E-05
   396.3636  0.29408E-05
   400.0000  0.28305E-05
