     0.0000  0.78976E-04
     3.6364  0.79044E-04
     7.2727  0.79246E-04
    10.9091  0.79571E-04
    14.5455  0.80001E-04
    18.1818  0.80515E-04
    21.8182  0.81084E-04
    25.4545  0.81677E-04
    29.0909  0.82261E-04
    32.7273  0.82801E-04
    36.3636  0.83261E-04
    40.0000  0.83609E-04
    43.6364  0.83813E-04
    47.2727  0.83847E-04
    50.9091  0.83688E-04
    54.5455  0.83319E-04
    58.1818  0.82730E-04
    61.8182  0.81914E-04
    65.4545  0.80872E-04
    69.0909  0.79609E-04
    72.7273  0.78138E-04
    76.3636  0.76472E-04
    80.0000  0.74631E-04
    83.6364  0.72638E-04
    87.2727  0.70515E-04
    90.9091  0.68289E-04
    94.5455  0.65984E-04
    98.1818  0.63626E-04
   101.8182  0.61237E-04
   105.4545  0.58840E-04
   109.0909  0.56454E-04
   112.7273  0.54096E-04
   116.3636  0.51782E-04
   120.0000  0.49522E-04
   123.6364  0.47326E-04
   127.2727  0.45199E-04
   130.9091  0.43148E-04
   134.5455  0.41172E-04
   138.1818  0.39274E-04
   141.8182  0.37452E-04
   145.4545  0.35704E-04
   149.0909  0.34027E-04
   152.7273  0.32420E-04
   156.3636  0.30878E-04
   160.0000  0.29398E-04
   163.6364  0.27978E-04
   167.2727  0.26616E-04
   170.9091  0.25308E-04
   174.5455  0.24054E-04
   178.1818  0.22852E-04
   181.8182  0.21701E-04
   185.4545  0.20600E-04
   189.0909  0.19549E-04
   192.7273  0.18547E-04
   196.3636  0.17595E-04
   200.0000  0.16691E-04
   203.6364  0.15835E-04
   207.2727  0.15026E-04
   210.9091  0.14264E-04
   214.5455  0.13546E-04
   218.1818  0.12872E-04
   221.8182  0.12240E-04
   225.4545  0.11647E-04
   229.0909  0.11092E-04
   232.7273  0.10571E-04
   236.3636  0.10084E-04
   240.0000  0.96257E-05
   243.6364  0.91954E-05
   247.2727  0.87901E-05
   250.9091  0.84076E-05
   254.5455  0.80454E-05
   258.1818  0.77018E-05
   261.8182  0.73749E-05
   265.4545  0.70630E-05
   269.0909  0.67649E-05
   272.7273  0.64794E-05
   276.3636  0.62057E-05
   280.0000  0.59429E-05
   283.6364  0.56907E-05
   287.2727  0.54485E-05
   290.9091  0.52161E-05
   294.5455  0.49934E-05
   298.1818  0.47803E-05
   301.8182  0.45765E-05
   305.4545  0.43822E-05
   309.0909  0.41971E-05
   312.7273  0.40212E-05
   316.3636  0.38544E-05
   320.0000  0.36963E-05
   323.6364  0.35468E-05
   327.2727  0.34055E-05
   330.9091  0.32720E-05
   334.5455  0.31460E-05
   338.1818  0.30270E-05
   341.8182  0.29144E-05
   345.4545  0.28079E-05
   349.0909  0.27068E-05
   352.7273  0.26108E-05
   356.3636  0.25193E-05
   360.0000  0.24319E-05
   363.6364  0.23481E-05
   367.2727  0.22676E-05
   370.9091  0.21902E-05
   374.5455  0.21154E-05
   378.1818  0.20430E-05
   381.8182  0.19730E-05
   385.4545  0.19051E-05
   389.0909  0.18393E-05
   392.7273  0.17754E-05
   396.3636  0.17135E-05
   400.0000  0.16536E-05
