     0.0000  0.10294E-02
     3.6364  0.10260E-02
     7.2727  0.10160E-02
    10.9091  0.99965E-03
    14.5455  0.97723E-03
    18.1818  0.94930E-03
    21.8182  0.91647E-03
    25.4545  0.87945E-03
    29.0909  0.83903E-03
    32.7273  0.79601E-03
    36.3636  0.75122E-03
    40.0000  0.70548E-03
    43.6364  0.65956E-03
    47.2727  0.61417E-03
    50.9091  0.56995E-03
    54.5455  0.52744E-03
    58.1818  0.48709E-03
    61.8182  0.44923E-03
    65.4545  0.41411E-03
    69.0909  0.38184E-03
    72.7273  0.35247E-03
    76.3636  0.32596E-03
    80.0000  0.30218E-03
    83.6364  0.28095E-03
    87.2727  0.26207E-03
    90.9091  0.24529E-03
    94.5455  0.23035E-03
    98.1818  0.21698E-03
   101.8182  0.20494E-03
   105.4545  0.19399E-03
   109.0909  0.18394E-03
   112.7273  0.17458E-03
   116.3636  0.16580E-03
   120.0000  0.15746E-03
   123.6364  0.14948E-03
   127.2727  0.14182E-03
   130.9091  0.13443E-03
   134.5455  0.12732E-03
   138.1818  0.12048E-03
   141.8182  0.11393E-03
   145.4545  0.10770E-03
   149.0909  0.10180E-03
   152.7273  0.96251E-04
   156.3636  0.91078E-04
   160.0000  0.86285E-04
   163.6364  0.81875E-04
   167.2727  0.77840E-04
   170.9091  0.74164E-04
   174.5455  0.70824E-04
   178.1818  0.67791E-04
   181.8182  0.65030E-04
   185.4545  0.62503E-04
   189.0909  0.60172E-04
   192.7273  0.57998E-04
   196.3636  0.55944E-04
   200.0000  0.53977E-04
   203.6364  0.52068E-04
   207.2727  0.50193E-04
   210.9091  0.48335E-04
   214.5455  0.46480E-04
   218.1818  0.44622E-04
   221.8182  0.42759E-04
   225.4545  0.40894E-04
   229.0909  0.39033E-04
   232.7273  0.37187E-04
   236.3636  0.35367E-04
   240.0000  0.33586E-04
   243.6364  0.31856E-04
   247.2727  0.30190E-04
   250.9091  0.28599E-04
   254.5455  0.27093E-04
   258.1818  0.25677E-04
   261.8182  0.24358E-04
   265.4545  0.23137E-04
   269.0909  0.22013E-04
   272.7273  0.20985E-04
   276.3636  0.20046E-04
   280.0000  0.19191E-04
   283.6364  0.18412E-04
   287.2727  0.17700E-04
   290.9091  0.17045E-04
   294.5455  0.16439E-04
   298.1818  0.15871E-04
   301.8182  0.15333E-04
   305.4545  0.14818E-04
   309.0909  0.14318E-04
   312.7273  0.13829E-04
   316.3636  0.13345E-04
   320.0000  0.12865E-04
   323.6364  0.12385E-04
   327.2727  0.11907E-04
   330.9091  0.11430E-04
   334.5455  0.10956E-04
   338.1818  0.10486E-04
   341.8182  0.10024E-04
   345.4545  0.95713E-05
   349.0909  0.91311E-05
   352.7273  0.87063E-05
   356.3636  0.82991E-05
   360.0000  0.79118E-05
   363.6364  0.75460E-05
   367.2727  0.72029E-05
   370.9091  0.68830E-05
   374.5455  0.65864E-05
   378.1818  0.63127E-05
   381.8182  0.60610E-05
   385.4545  0.58299E-05
   389.0909  0.56178E-05
   392.7273  0.54227E-05
   396.3636  0.52426E-05
   400.0000  0.50754E-05
