     0.0000  0.10278E-03
     3.6364  0.10249E-03
     7.2727  0.10164E-03
    10.9091  0.10024E-03
    14.5455  0.98318E-04
    18.1818  0.95920E-04
    21.8182  0.93091E-04
    25.4545  0.89890E-04
    29.0909  0.86376E-04
    32.7273  0.82616E-04
    36.3636  0.78676E-04
    40.0000  0.74622E-04
    43.6364  0.70516E-04
    47.2727  0.66420E-04
    50.9091  0.62385E-04
    54.5455  0.58459E-04
    58.1818  0.54682E-04
    61.8182  0.51085E-04
    65.4545  0.47691E-04
    69.0909  0.44515E-04
    72.7273  0.41567E-04
    76.3636  0.38847E-04
    80.0000  0.36351E-04
    83.6364  0.34069E-04
    87.2727  0.31988E-04
    90.9091  0.30092E-04
    94.5455  0.28363E-04
    98.1818  0.26783E-04
   101.8182  0.25333E-04
   105.4545  0.23996E-04
   109.0909  0.22756E-04
   112.7273  0.21598E-04
   116.3636  0.20511E-04
   120.0000  0.19483E-04
   123.6364  0.18508E-04
   127.2727  0.17580E-04
   130.9091  0.16694E-04
   134.5455  0.15848E-04
   138.1818  0.15040E-04
   141.8182  0.14271E-04
   145.4545  0.13541E-04
   149.0909  0.12849E-04
   152.7273  0.12197E-04
   156.3636  0.11585E-04
   160.0000  0.11012E-04
   163.6364  0.10479E-04
   167.2727  0.99831E-05
   170.9091  0.95239E-05
   174.5455  0.90990E-05
   178.1818  0.87057E-05
   181.8182  0.83410E-05
   185.4545  0.80018E-05
   189.0909  0.76848E-05
   192.7273  0.73868E-05
   196.3636  0.71047E-05
   200.0000  0.68355E-05
   203.6364  0.65768E-05
   207.2727  0.63264E-05
   210.9091  0.60825E-05
   214.5455  0.58438E-05
   218.1818  0.56094E-05
   221.8182  0.53788E-05
   225.4545  0.51520E-05
   229.0909  0.49291E-05
   232.7273  0.47107E-05
   236.3636  0.44972E-05
   240.0000  0.42896E-05
   243.6364  0.40887E-05
   247.2727  0.38951E-05
   250.9091  0.37097E-05
   254.5455  0.35331E-05
   258.1818  0.33658E-05
   261.8182  0.32081E-05
   265.4545  0.30600E-05
   269.0909  0.29216E-05
   272.7273  0.27927E-05
   276.3636  0.26728E-05
   280.0000  0.25614E-05
   283.6364  0.24579E-05
   287.2727  0.23616E-05
   290.9091  0.22716E-05
   294.5455  0.21873E-05
   298.1818  0.21078E-05
   301.8182  0.20324E-05
   305.4545  0.19604E-05
   309.0909  0.18912E-05
   312.7273  0.18242E-05
   316.3636  0.17591E-05
   320.0000  0.16956E-05
   323.6364  0.16333E-05
   327.2727  0.15722E-05
   330.9091  0.15123E-05
   334.5455  0.14535E-05
   338.1818  0.13959E-05
   341.8182  0.13396E-05
   345.4545  0.12849E-05
   349.0909  0.12318E-05
   352.7273  0.11806E-05
   356.3636  0.11313E-05
   360.0000  0.10842E-05
   363.6364  0.10394E-05
   367.2727  0.99685E-06
   370.9091  0.95669E-06
   374.5455  0.91890E-06
   378.1818  0.88343E-06
   381.8182  0.85020E-06
   385.4545  0.81910E-06
   389.0909  0.79001E-06
   392.7273  0.76275E-06
   396.3636  0.73717E-06
   400.0000  0.71307E-06
