 -400.  1.52027E-31
 -396.3636  0.00084967
 -392.7273  0.00123567
 -389.0909  0.00159587
 -385.4545  0.0018899
 -381.8182  0.00211682
 -378.1818  0.00239197
 -374.5455  0.00263781
 -370.9091  0.00293132
 -367.2727  0.00315697
 -363.6364  0.00339151
 -360.  0.00363507
 -356.3636  0.00388766
 -352.7273  0.00414949
 -349.0909  0.0044206
 -345.4545  0.0047009
 -341.8182  0.0049906
 -338.1818  0.005213
 -334.5455  0.0055222
 -330.9091  0.0058026
 -327.2727  0.0061315
 -323.6364  0.0063937
 -320.  0.0067434
 -316.3636  0.0070652
 -312.7273  0.0073595
 -309.0909  0.0077038
 -305.4545  0.008098
 -301.8182  0.0084277
 -298.1818  0.0088081
 -294.5455  0.0091634
 -290.9091  0.0095706
 -287.2727  0.0099538
 -283.6364  0.0103906
 -280.  0.0108047
 -276.3636  0.0112742
 -272.7273  0.0117227
 -269.0909  0.0122283
 -265.4545  0.0127154
 -261.8182  0.0132613
 -258.1818  0.0137903
 -254.5455  0.0143045
 -250.9091  0.0149194
 -247.2727  0.0155217
 -243.6364  0.0161878
 -240.  0.0168437
 -236.3636  0.0174895
 -232.7273  0.0182417
 -229.0909  0.0189872
 -225.4545  0.0197242
 -221.8182  0.0205713
 -218.1818  0.0214124
 -214.5455  0.0222488
 -210.9091  0.0231971
 -207.2727  0.0241403
 -203.6364  0.0250816
 -200.  0.0261358
 -196.3636  0.0271488
 -192.7273  0.028237
 -189.0909  0.0293236
 -185.4545  0.0305255
 -181.8182  0.0316891
 -178.1818  0.0329304
 -174.5455  0.0341741
 -170.9091  0.0355362
 -167.2727  0.0368641
 -163.6364  0.0382754
 -160.  0.0396941
 -156.3636  0.0412376
 -152.7273  0.0427537
 -149.0909  0.0443608
 -145.4545  0.0459829
 -141.8182  0.0476599
 -138.1818  0.0494714
 -134.5455  0.0512629
 -130.9091  0.0531136
 -127.2727  0.055061
 -123.6364  0.057027
 -120.  0.05905
 -116.3636  0.061202
 -112.7273  0.063327
 -109.0909  0.065495
 -105.4545  0.067738
 -101.8182  0.069972
 -98.1818  0.072225
 -94.5455  0.074487
 -90.9091  0.076823
 -87.2727  0.079066
 -83.6364  0.081279
 -80.  0.083448
 -76.3636  0.085559
 -72.7273  0.087636
 -69.0909  0.089589
 -65.4545  0.091443
 -61.8182  0.093186
 -58.1818  0.094812
 -54.5455  0.09631
 -50.9091  0.097754
 -47.2727  0.098987
 -43.6364  0.100084
 -40.  0.101047
 -36.3636  0.101882
 -32.7273  0.102595
 -29.0909  0.103195
 -25.4545  0.103693
 -21.8182  0.104094
 -18.1818  0.104409
 -14.5455  0.104649
 -10.9091  0.104828
 -7.2727  0.104952
 -3.6364  0.105025
  0.  0.105048
  3.6364  0.105025
  7.2727  0.104952
  10.9091  0.104828
  14.5455  0.104649
  18.1818  0.104409
  21.8182  0.104094
  25.4545  0.103693
  29.0909  0.103195
  32.7273  0.102595
  36.3636  0.101882
  40.  0.101047
  43.6364  0.100084
  47.2727  0.098987
  50.9091  0.097754
  54.5455  0.09631
  58.1818  0.094812
  61.8182  0.093186
  65.4545  0.091443
  69.0909  0.089589
  72.7273  0.087636
  76.3636  0.085559
  80.  0.083448
  83.6364  0.081279
  87.2727  0.079066
  90.9091  0.076823
  94.5455  0.074487
  98.1818  0.072225
  101.8182  0.069972
  105.4545  0.067738
  109.0909  0.065495
  112.7273  0.063327
  116.3636  0.061202
  120.  0.05905
  123.6364  0.057027
  127.2727  0.055061
  130.9091  0.0531136
  134.5455  0.0512629
  138.1818  0.0494714
  141.8182  0.0476599
  145.4545  0.0459829
  149.0909  0.0443608
  152.7273  0.0427537
  156.3636  0.0412376
  160.  0.0396941
  163.6364  0.0382754
  167.2727  0.0368641
  170.9091  0.0355362
  174.5455  0.0341741
  178.1818  0.0329304
  181.8182  0.0316891
  185.4545  0.0305255
  189.0909  0.0293236
  192.7273  0.028237
  196.3636  0.0271488
  200.  0.0261358
  203.6364  0.0250816
  207.2727  0.0241403
  210.9091  0.0231971
  214.5455  0.0222488
  218.1818  0.0214124
  221.8182  0.0205713
  225.4545  0.0197242
  229.0909  0.0189872
  232.7273  0.0182417
  236.3636  0.0174895
  240.  0.0168437
  243.6364  0.0161878
  247.2727  0.0155217
  250.9091  0.0149194
  254.5455  0.0143045
  258.1818  0.0137903
  261.8182  0.0132613
  265.4545  0.0127154
  269.0909  0.0122283
  272.7273  0.0117227
  276.3636  0.0112742
  280.  0.0108047
  283.6364  0.0103906
  287.2727  0.0099538
  290.9091  0.0095706
  294.5455  0.0091634
  298.1818  0.0088081
  301.8182  0.0084277
  305.4545  0.008098
  309.0909  0.0077038
  312.7273  0.0073595
  316.3636  0.0070652
  320.  0.0067434
  323.6364  0.0063937
  327.2727  0.0061315
  330.9091  0.0058026
  334.5455  0.0055222
  338.1818  0.005213
  341.8182  0.0049906
  345.4545  0.0047009
  349.0909  0.0044206
  352.7273  0.00414949
  356.3636  0.00388766
  360.  0.00363507
  363.6364  0.00339151
  367.2727  0.00315697
  370.9091  0.00293132
  374.5455  0.00263781
  378.1818  0.00239197
  381.8182  0.00211682
  385.4545  0.0018899
  389.0909  0.00159587
  392.7273  0.00123567
  396.3636  0.00084967
  400.  1.52027E-31
